<?xml version="1.0" encoding="UTF-8"?>
<!-- Generated by org.testng.reporters.JUnitReportReporter -->
<testsuite hostname="NLPULTP8105466" failures="0" tests="2" name="Testrunner.runner" time="43.614" errors="0" timestamp="2024-07-09T11:57:46 IST" skipped="0">
  <testcase classname="Testrunner.runner" name="runScenario" time="10.348"/>
  <testcase classname="Testrunner.runner" name="runScenario" time="33.266"/>
</testsuite> <!-- Testrunner.runner -->
