<?xml version="1.0" encoding="UTF-8"?>
<!-- Generated by org.testng.reporters.JUnitReportReporter -->
<testsuite hostname="NLPULTP8105466" failures="0" tests="2" name="Testrunner.runner" time="48.132" errors="0" timestamp="2024-06-27T10:41:21 IST" skipped="0">
  <testcase classname="Testrunner.runner" name="runScenario" time="11.262"/>
  <testcase classname="Testrunner.runner" name="runScenario" time="36.870"/>
</testsuite> <!-- Testrunner.runner -->
